<?xml version="1.0" encoding="UTF-8"?>
<!-- Generated by org.testng.reporters.JUnitXMLReporter -->
<testsuite hostname="mohammads-MBP.home" ignored="3" name="Default test" tests="3" failures="0" timestamp="2020-04-22T03:17:18 EDT" time="34.61" errors="0">
  <testcase name="validateCreateNewcontact" time="3.504" classname="com.crm.qa.testcases.ContactspageTest"/>
  <testcase name="validateCreateNewcontact" time="2.595" classname="com.crm.qa.testcases.ContactspageTest"/>
  <testcase name="validateCreateNewcontact" time="2.521" classname="com.crm.qa.testcases.ContactspageTest"/>
  <testcase name="verifyContactsPageLabel" time="0.0" classname="com.crm.qa.testcases.ContactspageTest">
    <ignored/>
  </testcase> <!-- verifyContactsPageLabel -->
  <testcase name="selectContactsTest" time="0.0" classname="com.crm.qa.testcases.ContactspageTest">
    <ignored/>
  </testcase> <!-- selectContactsTest -->
  <testcase name="selectMultipleContactsTest" time="0.0" classname="com.crm.qa.testcases.ContactspageTest">
    <ignored/>
  </testcase> <!-- selectMultipleContactsTest -->
</testsuite> <!-- Default test -->
