<?xml version="1.0" encoding="UTF-8"?>
<!-- Generated by org.testng.reporters.JUnitXMLReporter -->
<testsuite hostname="mohammads-MBP.home" ignored="0" name="Free CRM app Test Cases" tests="12" failures="0" timestamp="2020-04-22T00:42:19 EDT" time="210.698" errors="0">
  <testcase name="loginPageTitletest" time="0.014" classname="com.crm.qa.testcases.loginPageTest"/>
  <testcase name="crmLogoimageTest" time="0.035" classname="com.crm.qa.testcases.loginPageTest"/>
  <testcase name="loginTest" time="4.817" classname="com.crm.qa.testcases.loginPageTest"/>
  <testcase name="verifyHomePageTitleTest" time="0.005" classname="com.crm.qa.testcases.HomePageTest"/>
  <testcase name="verifyUserNameTest" time="1.192" classname="com.crm.qa.testcases.HomePageTest"/>
  <testcase name="verifyContactsLinkTest" time="1.044" classname="com.crm.qa.testcases.HomePageTest"/>
  <testcase name="verifyContactsPageLabel" time="0.047" classname="com.crm.qa.testcases.ContactspageTest"/>
  <testcase name="selectContactsTest" time="0.057" classname="com.crm.qa.testcases.ContactspageTest"/>
  <testcase name="selectMultipleContactsTest" time="0.047" classname="com.crm.qa.testcases.ContactspageTest"/>
  <testcase name="validateCreateNewcontact" time="24.833" classname="com.crm.qa.testcases.ContactspageTest"/>
  <testcase name="validateCreateNewcontact" time="8.227" classname="com.crm.qa.testcases.ContactspageTest"/>
  <testcase name="validateCreateNewcontact" time="6.184" classname="com.crm.qa.testcases.ContactspageTest"/>
</testsuite> <!-- Free CRM app Test Cases -->
